<?xml version="1.0" encoding="UTF-8"?>
<!-- Generated by org.testng.reporters.JUnitXMLReporter -->
<testsuite hostname="Mano" ignored="0" name="Default test" tests="5" failures="0" timestamp="04 Sep 2024 19:16:14 GMT" time="136.138" errors="0">
  <testcase name="the_user_has_to_login" time="3.751" classname="org.test.OpenMrs"/>
  <testcase name="register_patient_and_verify_record" time="37.375" classname="org.test.OpenMrs"/>
  <testcase name="create_new_service_type" time="10.991" classname="org.test.OpenMrs"/>
  <testcase name="create_appointment_block" time="19.101" classname="org.test.OpenMrs"/>
  <testcase name="scheduleAppointmentforPatient" time="54.669" classname="org.test.OpenMrs"/>
</testsuite> <!-- Default test -->
